[1 of 1] Compiling Main             ( /tmp/cabal-tmp-29574/comonad-5/dist/dist-sandbox-4d9c445/setup/setup.hs, /tmp/cabal-tmp-29574/comonad-5/dist/dist-sandbox-4d9c445/setup/Main.js_o )
Linking /tmp/cabal-tmp-29574/comonad-5/dist/dist-sandbox-4d9c445/setup/setup.jsexe (Main)
Configuring comonad-5...
Building comonad-5...
Preprocessing library comonad-5...
[ 1 of 15] Compiling Data.Functor.Composition ( src/Data/Functor/Composition.hs, dist/dist-sandbox-4d9c445/build/Data/Functor/Composition.js_o )
[ 2 of 15] Compiling Control.Comonad.Trans.Identity ( src/Control/Comonad/Trans/Identity.hs, dist/dist-sandbox-4d9c445/build/Control/Comonad/Trans/Identity.js_o )
[ 3 of 15] Compiling Control.Comonad  ( src/Control/Comonad.hs, dist/dist-sandbox-4d9c445/build/Control/Comonad.js_o )
[ 4 of 15] Compiling Control.Comonad.Trans.Class ( src/Control/Comonad/Trans/Class.hs, dist/dist-sandbox-4d9c445/build/Control/Comonad/Trans/Class.js_o )
[ 5 of 15] Compiling Control.Comonad.Hoist.Class ( src/Control/Comonad/Hoist/Class.hs, dist/dist-sandbox-4d9c445/build/Control/Comonad/Hoist/Class.js_o )
[ 6 of 15] Compiling Control.Comonad.Trans.Env ( src/Control/Comonad/Trans/Env.hs, dist/dist-sandbox-4d9c445/build/Control/Comonad/Trans/Env.js_o )
[ 7 of 15] Compiling Control.Comonad.Trans.Store ( src/Control/Comonad/Trans/Store.hs, dist/dist-sandbox-4d9c445/build/Control/Comonad/Trans/Store.js_o )
[ 8 of 15] Compiling Control.Comonad.Trans.Traced ( src/Control/Comonad/Trans/Traced.hs, dist/dist-sandbox-4d9c445/build/Control/Comonad/Trans/Traced.js_o )
[ 9 of 15] Compiling Control.Comonad.Env.Class ( src/Control/Comonad/Env/Class.hs, dist/dist-sandbox-4d9c445/build/Control/Comonad/Env/Class.js_o )
[10 of 15] Compiling Control.Comonad.Env ( src/Control/Comonad/Env.hs, dist/dist-sandbox-4d9c445/build/Control/Comonad/Env.js_o )
[11 of 15] Compiling Control.Comonad.Identity ( src/Control/Comonad/Identity.hs, dist/dist-sandbox-4d9c445/build/Control/Comonad/Identity.js_o )
[12 of 15] Compiling Control.Comonad.Store.Class ( src/Control/Comonad/Store/Class.hs, dist/dist-sandbox-4d9c445/build/Control/Comonad/Store/Class.js_o )
[13 of 15] Compiling Control.Comonad.Store ( src/Control/Comonad/Store.hs, dist/dist-sandbox-4d9c445/build/Control/Comonad/Store.js_o )
[14 of 15] Compiling Control.Comonad.Traced.Class ( src/Control/Comonad/Traced/Class.hs, dist/dist-sandbox-4d9c445/build/Control/Comonad/Traced/Class.js_o )
[15 of 15] Compiling Control.Comonad.Traced ( src/Control/Comonad/Traced.hs, dist/dist-sandbox-4d9c445/build/Control/Comonad/Traced.js_o )
In-place registering comonad-5...
Creating package registration file: /tmp/pkgConf-comonad-54127760911424268980
Installing library in
/home/joey/ghcjs-examples/try-purescript/.cabal-sandbox/lib/x86_64-linux-ghcjs-0.2.0-ghc7_10_2/comonad-5-CVT249fwv5qL23A937VtZu
Registering comonad-5...
