Configuring lambda-pi-plus-0.1.0.0...
Building lambda-pi-plus-0.1.0.0...
Preprocessing library lambda-pi-plus-0.1.0.0...
[ 7 of 12] Compiling PatternUnify.Run ( src/PatternUnify/Run.hs, dist/dist-sandbox-4d9c445/build/PatternUnify/Run.js_o )
[11 of 12] Compiling Language.LambdaPiPlus.Internals ( src/Language/LambdaPiPlus/Internals.hs, dist/dist-sandbox-4d9c445/build/Language/LambdaPiPlus/Internals.js_o ) [TH]
Linking Template Haskell (Common,Constraint,ConstraintBased,Main,PatternUnify.Check,PatternUnify.Context,PatternUnify.Kit,PatternUnify.Run,PatternUnify.Tm,PatternUnify.Unify,ThRunner1)

src/Language/LambdaPiPlus/Internals.hs:13:1: Warning:
    The import of ‘Text.Parsec.Pos’ is redundant
      except perhaps to import instances from ‘Text.Parsec.Pos’
    To import instances alone, use: import Text.Parsec.Pos()

src/Language/LambdaPiPlus/Internals.hs:22:1: Warning:
    The import of ‘Control.Monad’ is redundant
      except perhaps to import instances from ‘Control.Monad’
    To import instances alone, use: import Control.Monad()
[12 of 12] Compiling Language.LambdaPiPlus ( src/Language/LambdaPiPlus.hs, dist/dist-sandbox-4d9c445/build/Language/LambdaPiPlus.js_o ) [TH]
Linking Template Haskell (Common,Constraint,ConstraintBased,Language.LambdaPiPlus.Internals,Main,PatternUnify.Check,PatternUnify.Context,PatternUnify.Kit,PatternUnify.Run,PatternUnify.Tm,PatternUnify.Unify,ThRunner2)

src/Language/LambdaPiPlus.hs:17:1: Warning:
    The import of ‘Common’ is redundant
      except perhaps to import instances from ‘Common’
    To import instances alone, use: import Common()

src/Language/LambdaPiPlus.hs:19:1: Warning:
    The import of ‘Language.Haskell.TH.Lift’ is redundant
      except perhaps to import instances from ‘Language.Haskell.TH.Lift’
    To import instances alone, use: import Language.Haskell.TH.Lift()

src/Language/LambdaPiPlus.hs:21:1: Warning:
    The import of ‘PatternUnify.Tm’ is redundant
      except perhaps to import instances from ‘PatternUnify.Tm’
    To import instances alone, use: import PatternUnify.Tm()
In-place registering lambda-pi-plus-0.1.0.0...
Preprocessing executable 'lambda-pi-plus' for lambda-pi-plus-0.1.0.0...
[ 3 of 10] Compiling PatternUnify.Context ( src/PatternUnify/Context.hs, dist/dist-sandbox-4d9c445/build/lambda-pi-plus/lambda-pi-plus-tmp/PatternUnify/Context.js_o )
[ 4 of 10] Compiling PatternUnify.Check ( src/PatternUnify/Check.hs, dist/dist-sandbox-4d9c445/build/lambda-pi-plus/lambda-pi-plus-tmp/PatternUnify/Check.js_o )
[ 5 of 10] Compiling PatternUnify.Unify ( src/PatternUnify/Unify.hs, dist/dist-sandbox-4d9c445/build/lambda-pi-plus/lambda-pi-plus-tmp/PatternUnify/Unify.js_o )
[ 6 of 10] Compiling PatternUnify.Run ( src/PatternUnify/Run.hs, dist/dist-sandbox-4d9c445/build/lambda-pi-plus/lambda-pi-plus-tmp/PatternUnify/Run.js_o )
[ 7 of 10] Compiling Common           ( src/Common.hs, dist/dist-sandbox-4d9c445/build/lambda-pi-plus/lambda-pi-plus-tmp/Common.js_o )

src/Common.hs:18:1: Warning:
    The import of ‘Text.ParserCombinators.Parsec.Error’ is redundant
      except perhaps to import instances from ‘Text.ParserCombinators.Parsec.Error’
    To import instances alone, use: import Text.ParserCombinators.Parsec.Error()

src/Common.hs:23:1: Warning:
    The qualified import of ‘Data.Map’ is redundant
      except perhaps to import instances from ‘Data.Map’
    To import instances alone, use: import Data.Map()
[ 8 of 10] Compiling Constraint       ( src/Constraint.hs, dist/dist-sandbox-4d9c445/build/lambda-pi-plus/lambda-pi-plus-tmp/Constraint.js_o )
[ 9 of 10] Compiling ConstraintBased  ( src/ConstraintBased.hs, dist/dist-sandbox-4d9c445/build/lambda-pi-plus/lambda-pi-plus-tmp/ConstraintBased.js_o ) [Constraint changed]

src/ConstraintBased.hs:20:1: Warning:
    The qualified import of ‘Data.List’ is redundant
      except perhaps to import instances from ‘Data.List’
    To import instances alone, use: import Data.List()
[10 of 10] Compiling Main             ( src/Main.hs, dist/dist-sandbox-4d9c445/build/lambda-pi-plus/lambda-pi-plus-tmp/Main.js_o )
Linking dist/dist-sandbox-4d9c445/build/lambda-pi-plus/lambda-pi-plus.jsexe (Common,Constraint,ConstraintBased,Main,PatternUnify.Check,PatternUnify.Context,PatternUnify.Kit,PatternUnify.Run,PatternUnify.Tm,PatternUnify.Unify)
Creating package registration file:
/tmp/pkgConf-lambda-pi-plus-0.1.01804289383846930886.0
Installing library in
/home/joey/ghcjs-examples/try-purescript/.cabal-sandbox/lib/x86_64-linux-ghcjs-0.2.0-ghc7_10_2/lambda-pi-plus-0.1.0.0-CtKrek7jOfWINeXM4qSPth
Installing executable(s) in
/home/joey/ghcjs-examples/try-purescript/.cabal-sandbox/bin
Registering lambda-pi-plus-0.1.0.0...
