Configuring profunctors-5.2...
Building profunctors-5.2...
Preprocessing library profunctors-5.2...
[ 1 of 15] Compiling Data.Profunctor.Unsafe ( src/Data/Profunctor/Unsafe.hs, dist/dist-sandbox-4d9c445/build/Data/Profunctor/Unsafe.js_o )
Linking Template Haskell (ThRunner1)
Linking Template Haskell (ThRunner2)
[ 2 of 15] Compiling Data.Profunctor.Types ( src/Data/Profunctor/Types.hs, dist/dist-sandbox-4d9c445/build/Data/Profunctor/Types.js_o )
[ 3 of 15] Compiling Data.Profunctor.Monad ( src/Data/Profunctor/Monad.hs, dist/dist-sandbox-4d9c445/build/Data/Profunctor/Monad.js_o )
[ 4 of 15] Compiling Data.Profunctor.Adjunction ( src/Data/Profunctor/Adjunction.hs, dist/dist-sandbox-4d9c445/build/Data/Profunctor/Adjunction.js_o )
[ 5 of 15] Compiling Data.Profunctor.Strong ( src/Data/Profunctor/Strong.hs, dist/dist-sandbox-4d9c445/build/Data/Profunctor/Strong.js_o )
[ 6 of 15] Compiling Data.Profunctor.Closed ( src/Data/Profunctor/Closed.hs, dist/dist-sandbox-4d9c445/build/Data/Profunctor/Closed.js_o )
[ 7 of 15] Compiling Data.Profunctor.Choice ( src/Data/Profunctor/Choice.hs, dist/dist-sandbox-4d9c445/build/Data/Profunctor/Choice.js_o )
[ 8 of 15] Compiling Data.Profunctor.Traversing ( src/Data/Profunctor/Traversing.hs, dist/dist-sandbox-4d9c445/build/Data/Profunctor/Traversing.js_o )
[ 9 of 15] Compiling Data.Profunctor.Mapping ( src/Data/Profunctor/Mapping.hs, dist/dist-sandbox-4d9c445/build/Data/Profunctor/Mapping.js_o )
[10 of 15] Compiling Data.Profunctor  ( src/Data/Profunctor.hs, dist/dist-sandbox-4d9c445/build/Data/Profunctor.js_o )
[11 of 15] Compiling Data.Profunctor.Cayley ( src/Data/Profunctor/Cayley.hs, dist/dist-sandbox-4d9c445/build/Data/Profunctor/Cayley.js_o )
[12 of 15] Compiling Data.Profunctor.Sieve ( src/Data/Profunctor/Sieve.hs, dist/dist-sandbox-4d9c445/build/Data/Profunctor/Sieve.js_o )
[13 of 15] Compiling Data.Profunctor.Rep ( src/Data/Profunctor/Rep.hs, dist/dist-sandbox-4d9c445/build/Data/Profunctor/Rep.js_o )
[14 of 15] Compiling Data.Profunctor.Composition ( src/Data/Profunctor/Composition.hs, dist/dist-sandbox-4d9c445/build/Data/Profunctor/Composition.js_o )
[15 of 15] Compiling Data.Profunctor.Ran ( src/Data/Profunctor/Ran.hs, dist/dist-sandbox-4d9c445/build/Data/Profunctor/Ran.js_o )
In-place registering profunctors-5.2...
Creating package registration file:
/tmp/pkgConf-profunctors-55726603361159126505.2
Installing library in
/home/joey/ghcjs-examples/try-purescript/.cabal-sandbox/lib/x86_64-linux-ghcjs-0.2.0-ghc7_10_2/profunctors-5.2-4aUhHc6VsM27MmiKZj0NUn
Registering profunctors-5.2...
