Configuring terminfo-0.4.0.2...
configure: WARNING: unrecognized options: --with-compiler, --with-gcc
checking for gcc... gcc
checking whether the C compiler works... yes
checking for C compiler default output file name... a.out
checking for suffix of executables... 
checking whether we are cross compiling... no
checking for suffix of object files... o
checking whether we are using the GNU C compiler... yes
checking whether gcc accepts -g... yes
checking for gcc option to accept ISO C89... none needed
checking how to run the C preprocessor... gcc -E
checking for grep that handles long lines and -e... /bin/grep
checking for egrep... /bin/grep -E
checking for ANSI C header files... yes
checking for sys/types.h... yes
checking for sys/stat.h... yes
checking for stdlib.h... yes
checking for string.h... yes
checking for memory.h... yes
checking for strings.h... yes
checking for inttypes.h... yes
checking for stdint.h... yes
checking for unistd.h... yes
checking ncurses.h usability... yes
checking ncurses.h presence... yes
checking for ncurses.h... yes
checking for setupterm in -ltinfo... yes
configure: creating ./config.status
config.status: creating terminfo.buildinfo
configure: WARNING: unrecognized options: --with-compiler, --with-gcc
Building terminfo-0.4.0.2...
Preprocessing library terminfo-0.4.0.2...
[1 of 7] Compiling System.Console.Terminfo.Base ( System/Console/Terminfo/Base.hs, dist/dist-sandbox-4d9c445/build/System/Console/Terminfo/Base.js_o )
[2 of 7] Compiling System.Console.Terminfo.Keys ( System/Console/Terminfo/Keys.hs, dist/dist-sandbox-4d9c445/build/System/Console/Terminfo/Keys.js_o )
[3 of 7] Compiling System.Console.Terminfo.Cursor ( System/Console/Terminfo/Cursor.hs, dist/dist-sandbox-4d9c445/build/System/Console/Terminfo/Cursor.js_o )
[4 of 7] Compiling System.Console.Terminfo.Effects ( System/Console/Terminfo/Effects.hs, dist/dist-sandbox-4d9c445/build/System/Console/Terminfo/Effects.js_o )
[5 of 7] Compiling System.Console.Terminfo.Edit ( System/Console/Terminfo/Edit.hs, dist/dist-sandbox-4d9c445/build/System/Console/Terminfo/Edit.js_o )
[6 of 7] Compiling System.Console.Terminfo.Color ( System/Console/Terminfo/Color.hs, dist/dist-sandbox-4d9c445/build/System/Console/Terminfo/Color.js_o )
[7 of 7] Compiling System.Console.Terminfo ( System/Console/Terminfo.hs, dist/dist-sandbox-4d9c445/build/System/Console/Terminfo.js_o )
In-place registering terminfo-0.4.0.2...
Creating package registration file:
/tmp/pkgConf-terminfo-0.4.08594844211914544919.2
Installing library in
/home/joey/ghcjs-examples/try-purescript/.cabal-sandbox/lib/x86_64-linux-ghcjs-0.2.0-ghc7_10_2/terminfo-0.4.0.2-95N8G1QmAkf2f6cStzScih
Registering terminfo-0.4.0.2...
